#
# A fatal error has been detected by the Java Runtime Environment:
#
#  SIGSEGV (0xb) at pc=0x00007f91b7bf4401, pid=18715, tid=18726
#
# JRE version: OpenJDK Runtime Environment (11.0.7+10) (build 11.0.7+10-post-Ubuntu-2ubuntu218.04)
# Java VM: OpenJDK 64-Bit Server VM (11.0.7+10-post-Ubuntu-2ubuntu218.04, mixed mode, sharing, tiered, compressed oops, serial gc, linux-amd64)
# Problematic frame:
# C  [libjimage.so+0x2401]
#
# Core dump will be written. Default location: Core dumps may be processed with "/usr/share/apport/apport %p %s %c %d %P %E" (or dumping to /home/joma/git/sds/repository/SDS/core.18715)
#
# If you would like to submit a bug report, please visit:
#   https://bugs.launchpad.net/ubuntu/+source/openjdk-lts
#

---------------  S U M M A R Y ------------

Command Line: -agentlib:jdwp=transport=dt_socket,suspend=y,address=localhost:34919 -javaagent:/home/joma/.eclipse/360744286_linux_gtk_x86_64/configuration/org.eclipse.osgi/222/0/.cp/lib/javaagent-shaded.jar -Dfile.encoding=UTF-8 com.sds.driver.DailyRecordsUploader

Host: Intel(R) Core(TM) i7-3720QM CPU @ 2.60GHz, 1 cores, 3G, Ubuntu 18.04.4 LTS
Time: Thu May 28 19:18:45 2020 CDT elapsed time: 62 seconds (0d 0h 1m 2s)

---------------  T H R E A D  ---------------

Current thread (0x00007f91b80c3000):  JavaThread "Signal Dispatcher" daemon [_thread_in_vm, id=18726, stack(0x00007f919e933000,0x00007f919ea34000)]

Stack: [0x00007f919e933000,0x00007f919ea34000],  sp=0x00007f919ea311e0,  free space=1016k
Native frames: (J=compiled Java code, A=aot compiled Java code, j=interpreted, Vv=VM code, C=native code)
C  [libjimage.so+0x2401]
C  [libjimage.so+0x30ea]
C  [libjimage.so+0x35c6]  JIMAGE_FindResource+0xd6
V  [libjvm.so+0x59105e]
V  [libjvm.so+0x593dc0]
V  [libjvm.so+0xd503b5]
V  [libjvm.so+0xd4dd4a]
V  [libjvm.so+0xd50942]
V  [libjvm.so+0x64589d]
V  [libjvm.so+0x83ea5c]
j  jdk.internal.misc.Signal.dispatch(I)V+25 java.base@11.0.7
v  ~StubRoutines::call_stub
V  [libjvm.so+0x84e319]
V  [libjvm.so+0x84d105]
V  [libjvm.so+0xbc377c]
V  [libjvm.so+0xd8918f]
V  [libjvm.so+0xd85acf]
V  [libjvm.so+0xbd59de]

Java frames: (J=compiled Java code, j=interpreted, Vv=VM code)
j  jdk.internal.misc.Signal.dispatch(I)V+25 java.base@11.0.7
v  ~StubRoutines::call_stub

siginfo: si_signo: 11 (SIGSEGV), si_code: 1 (SEGV_MAPERR), si_addr: 0x00007f91af50d498

Register to memory mapping:

RAX=0x000000000000391f is an unknown value
RBX=0x00007f919ea31291 is pointing into the stack for thread: 0x00007f91b80c3000
RCX=0x00007f91af4ff01c is an unknown value
RDX=0x000000000000391f is an unknown value
RSP=0x00007f919ea311e0 is pointing into the stack for thread: 0x00007f91b80c3000
RBP=0x00007f919ea31200 is pointing into the stack for thread: 0x00007f91b80c3000
RSI=0x00007f919ea31290 is pointing into the stack for thread: 0x00007f91b80c3000
RDI=0x00007f91b7df7130: <offset 0x0000000000205130> in /usr/lib/jvm/java-11-openjdk-amd64/lib/libjimage.so at 0x00007f91b7bf2000
R8 =0x0 is NULL
R9 =0x0000000076100fa4 is an unknown value
R10=0x00007f919ea312b3 is pointing into the stack for thread: 0x00007f91b80c3000
R11=0x00007f91bf8914c0: <offset 0x00000000001af4c0> in /lib/x86_64-linux-gnu/libc.so.6 at 0x00007f91bf6e2000
R12=0x00007f919ea31290 is pointing into the stack for thread: 0x00007f91b80c3000
R13=0x00000000000083ac is an unknown value
R14=0x00007f919ea32328 is pointing into the stack for thread: 0x00007f91b80c3000
R15=0x00007f91b80c35c0 points into unknown readable memory: 6a 64 6b 2f 69 6e 74 65


Registers:
RAX=0x000000000000391f, RBX=0x00007f919ea31291, RCX=0x00007f91af4ff01c, RDX=0x000000000000391f
RSP=0x00007f919ea311e0, RBP=0x00007f919ea31200, RSI=0x00007f919ea31290, RDI=0x00007f91b7df7130
R8 =0x0000000000000000, R9 =0x0000000076100fa4, R10=0x00007f919ea312b3, R11=0x00007f91bf8914c0
R12=0x00007f919ea31290, R13=0x00000000000083ac, R14=0x00007f919ea32328, R15=0x00007f91b80c35c0
RIP=0x00007f91b7bf4401, EFLAGS=0x0000000000010246, CSGSFS=0x002b000000000033, ERR=0x0000000000000004
  TRAPNO=0x000000000000000e

Top of Stack: (sp=0x00007f919ea311e0)
0x00007f919ea311e0:   0000000000000000 00007f91b8024fe0
0x00007f919ea311f0:   0000000000000000 00007f919ea31290
0x00007f919ea31200:   00007f919ea31270 00007f91b7bf50ea
0x00007f919ea31210:   0000000000000000 0000000000000000 

Instructions: (pc=0x00007f91b7bf4401)
0x00007f91b7bf4301:   c5 4c 01 e3 48 89 ce e8 d3 f3 ff ff e9 69 fd ff
0x00007f91b7bf4311:   ff 89 d1 0f b7 74 08 fe 66 41 89 74 0e fe 